C:\Documents and Settings\admin\Рабочий стол\_lab3_list0\_lab3_list\Debug\_lab3_list.exe.embed.manifest
C:\Documents and Settings\admin\Рабочий стол\_lab3_list0\_lab3_list\Debug\_lab3_list.exe.embed.manifest.res
C:\Documents and Settings\admin\Рабочий стол\_lab3_list0\_lab3_list\Debug\_lab3_list.exe.intermediate.manifest
C:\Documents and Settings\admin\Рабочий стол\_lab3_list0\_lab3_list\Debug\_lab3_list.vcxprojResolveAssemblyReference.cache
C:\Documents and Settings\admin\Рабочий стол\_lab3_list0\_lab3_list\Debug\_lab3_list.write.1.tlog
C:\Documents and Settings\admin\Рабочий стол\_lab3_list0\_lab3_list\Debug\_lab3_list_manifest.rc
C:\Documents and Settings\admin\Рабочий стол\_lab3_list0\_lab3_list\Debug\cl.command.1.tlog
C:\Documents and Settings\admin\Рабочий стол\_lab3_list0\_lab3_list\Debug\CL.read.1.tlog
C:\Documents and Settings\admin\Рабочий стол\_lab3_list0\_lab3_list\Debug\CL.write.1.tlog
C:\Documents and Settings\admin\Рабочий стол\_lab3_list0\_lab3_list\Debug\link.3336.read.1.tlog
C:\Documents and Settings\admin\Рабочий стол\_lab3_list0\_lab3_list\Debug\link.3336.write.1.tlog
C:\Documents and Settings\admin\Рабочий стол\_lab3_list0\_lab3_list\Debug\link.3336-cvtres.read.1.tlog
C:\Documents and Settings\admin\Рабочий стол\_lab3_list0\_lab3_list\Debug\link.3336-cvtres.write.1.tlog
C:\Documents and Settings\admin\Рабочий стол\_lab3_list0\_lab3_list\Debug\link.44140.read.1.tlog
C:\Documents and Settings\admin\Рабочий стол\_lab3_list0\_lab3_list\Debug\link.44140.write.1.tlog
C:\Documents and Settings\admin\Рабочий стол\_lab3_list0\_lab3_list\Debug\link.44140-cvtres.read.1.tlog
C:\Documents and Settings\admin\Рабочий стол\_lab3_list0\_lab3_list\Debug\link.44140-cvtres.write.1.tlog
C:\Documents and Settings\admin\Рабочий стол\_lab3_list0\_lab3_list\Debug\link.4712.read.1.tlog
C:\Documents and Settings\admin\Рабочий стол\_lab3_list0\_lab3_list\Debug\link.4712.write.1.tlog
C:\Documents and Settings\admin\Рабочий стол\_lab3_list0\_lab3_list\Debug\link.4712-cvtres.read.1.tlog
C:\Documents and Settings\admin\Рабочий стол\_lab3_list0\_lab3_list\Debug\link.4712-cvtres.write.1.tlog
C:\Documents and Settings\admin\Рабочий стол\_lab3_list0\_lab3_list\Debug\link.command.1.tlog
C:\Documents and Settings\admin\Рабочий стол\_lab3_list0\_lab3_list\Debug\link.read.1.tlog
C:\Documents and Settings\admin\Рабочий стол\_lab3_list0\_lab3_list\Debug\link.write.1.tlog
C:\Documents and Settings\admin\Рабочий стол\_lab3_list0\_lab3_list\Debug\link-cvtres.read.1.tlog
C:\Documents and Settings\admin\Рабочий стол\_lab3_list0\_lab3_list\Debug\link-cvtres.write.1.tlog
C:\Documents and Settings\admin\Рабочий стол\_lab3_list0\_lab3_list\Debug\main.obj
C:\Documents and Settings\admin\Рабочий стол\_lab3_list0\_lab3_list\Debug\mt.command.1.tlog
C:\Documents and Settings\admin\Рабочий стол\_lab3_list0\_lab3_list\Debug\mt.read.1.tlog
C:\Documents and Settings\admin\Рабочий стол\_lab3_list0\_lab3_list\Debug\mt.write.1.tlog
C:\Documents and Settings\admin\Рабочий стол\_lab3_list0\_lab3_list\Debug\rc.command.1.tlog
C:\Documents and Settings\admin\Рабочий стол\_lab3_list0\_lab3_list\Debug\rc.read.1.tlog
C:\Documents and Settings\admin\Рабочий стол\_lab3_list0\_lab3_list\Debug\rc.write.1.tlog
C:\Documents and Settings\admin\Рабочий стол\_lab3_list0\_lab3_list\Debug\vc100.idb
C:\Documents and Settings\admin\Рабочий стол\_lab3_list0\_lab3_list\Debug\vc100.pdb
C:\Documents and Settings\admin\Рабочий стол\_lab3_list0\Debug\_lab3_list.exe
C:\Documents and Settings\admin\Рабочий стол\_lab3_list0\Debug\_lab3_list.ilk
C:\Documents and Settings\admin\Рабочий стол\_lab3_list0\Debug\_lab3_list.pdb
C:\DOCUMENTS AND SETTINGS\ADMIN\Рабочий стол\_LAB3_LIST111\_LAB3_LIST\DEBUG\_LAB3_LIST.EXE.EMBED.MANIFEST.RES
C:\DOCUMENTS AND SETTINGS\ADMIN\Рабочий стол\_LAB3_LIST111\_LAB3_LIST\DEBUG\_LAB3_LIST.EXE.INTERMEDIATE.MANIFEST
C:\DOCUMENTS AND SETTINGS\ADMIN\Рабочий стол\_LAB3_LIST111\_LAB3_LIST\DEBUG\MAIN.OBJ
C:\DOCUMENTS AND SETTINGS\ADMIN\РАБОЧИЙ СТОЛ\_LAB3_LIST111\_LAB3_LIST\DEBUG\VC100.PDB
C:\DOCUMENTS AND SETTINGS\ADMIN\Рабочий стол\_LAB3_LIST111\DEBUG\_LAB3_LIST.EXE
C:\DOCUMENTS AND SETTINGS\ADMIN\Рабочий стол\_LAB3_LIST111\DEBUG\_LAB3_LIST.ILK
C:\DOCUMENTS AND SETTINGS\ADMIN\РАБОЧИЙ СТОЛ\_LAB3_LIST111\DEBUG\_LAB3_LIST.PDB
C:\DOCUMENTS AND SETTINGS\ADMIN\Рабочий стол\Копия _LAB3_LIST111\_LAB3_LIST\DEBUG\_LAB3_LIST.EXE.EMBED.MANIFEST.RES
C:\DOCUMENTS AND SETTINGS\ADMIN\Рабочий стол\Копия _LAB3_LIST111\_LAB3_LIST\DEBUG\_LAB3_LIST.EXE.INTERMEDIATE.MANIFEST
C:\DOCUMENTS AND SETTINGS\ADMIN\Рабочий стол\Копия _LAB3_LIST111\_LAB3_LIST\DEBUG\MAIN.OBJ
C:\DOCUMENTS AND SETTINGS\ADMIN\РАБОЧИЙ СТОЛ\КОПИЯ _LAB3_LIST111\_LAB3_LIST\DEBUG\VC100.PDB
C:\DOCUMENTS AND SETTINGS\ADMIN\Рабочий стол\Копия _LAB3_LIST111\DEBUG\_LAB3_LIST.EXE
C:\DOCUMENTS AND SETTINGS\ADMIN\Рабочий стол\Копия _LAB3_LIST111\DEBUG\_LAB3_LIST.ILK
C:\DOCUMENTS AND SETTINGS\ADMIN\РАБОЧИЙ СТОЛ\КОПИЯ _LAB3_LIST111\DEBUG\_LAB3_LIST.PDB
C:\USERS\SYRTSEVA.A\DESKTOP\_LAB3_LIST\_LAB3_LIST\DEBUG\_LAB3_LIST.EXE.EMBED.MANIFEST
C:\USERS\SYRTSEVA.A\DESKTOP\_LAB3_LIST\_LAB3_LIST\DEBUG\_LAB3_LIST.EXE.EMBED.MANIFEST.RES
C:\USERS\SYRTSEVA.A\DESKTOP\_LAB3_LIST\_LAB3_LIST\DEBUG\_LAB3_LIST.EXE.INTERMEDIATE.MANIFEST
C:\USERS\SYRTSEVA.A\DESKTOP\_LAB3_LIST\_LAB3_LIST\DEBUG\MAIN.OBJ
C:\USERS\SYRTSEVA.A\DESKTOP\_LAB3_LIST\_LAB3_LIST\DEBUG\VC100.PDB
C:\USERS\SYRTSEVA.A\DESKTOP\_LAB3_LIST\DEBUG\_LAB3_LIST.EXE
C:\USERS\SYRTSEVA.A\DESKTOP\_LAB3_LIST\DEBUG\_LAB3_LIST.ILK
C:\USERS\SYRTSEVA.A\DESKTOP\_LAB3_LIST\DEBUG\_LAB3_LIST.PDB
